Arguments: 
  C:\Program Files (x86)\nodejs\node.exe C:\Program Files (x86)\Yarn\bin\yarn.js install

PATH: 
  C:\Program Files (x86)\VMware\VMware Player\bin\;C:\Windows\system32;C:\Windows;C:\Windows\System32\Wbem;C:\Windows\System32\WindowsPowerShell\v1.0\;C:\Windows\System32\OpenSSH\;C:\Program Files\Git\cmd;C:\Program Files\TortoiseSVN\bin;C:\Program Files\TortoiseGit\bin;C:\Users\pc\AppData\Local\Programs\Python\Python310;C:\Program Files (x86)\NVIDIA Corporation\PhysX\Common;C:\Users\pc\AppData\Roaming\npm;C:\Program Files (x86)\Yarn\bin\;C:\Program Files (x86)\nodejs\;C:\Program Files\VisualSVN Server\bin;C:\Users\pc\.cargo\bin;C:\Users\pc\.local\share\solana\install\active_release\bin;C:\Users\pc\AppData\Local\Microsoft\WindowsApps;C:\Users\pc\AppData\Local\Programs\Microsoft VS Code\bin;C:\Users\pc\AppData\Local\GitHubDesktop\bin;C:\Users\pc\AppData\Local\Yarn\bin;C:\OpenServer\modules\php\PHP_8.1;C:\Users\pc\AppData\Roaming\npm

Yarn version: 
  1.22.5

Node version: 
  16.14.0

Platform: 
  win32 ia32

Trace: 
  Error: https://registry.yarnpkg.com/@fortawesome/free-solid-svg-icons/-/free-solid-svg-icons-6.2.1.tgz: ESOCKETTIMEDOUT
      at ClientRequest.<anonymous> (C:\Program Files (x86)\Yarn\lib\cli.js:141376:19)
      at Object.onceWrapper (node:events:639:28)
      at ClientRequest.emit (node:events:520:28)
      at TLSSocket.emitRequestTimeout (node:_http_client:758:9)
      at Object.onceWrapper (node:events:639:28)
      at TLSSocket.emit (node:events:532:35)
      at TLSSocket.Socket._onTimeout (node:net:501:8)
      at listOnTimeout (node:internal/timers:559:17)
      at processTimers (node:internal/timers:502:7)

npm manifest: 
  {
    "name": "practice",
    "version": "0.1.0",
    "private": true,
    "dependencies": {
      "@emotion/react": "^11.8.1",
      "@emotion/styled": "^11.8.1",
      "@fortawesome/fontawesome-svg-core": "^1.3.0",
      "@fortawesome/free-regular-svg-icons": "^6.0.0",
      "@fortawesome/free-solid-svg-icons": "^6.0.0",
      "@fortawesome/react-fontawesome": "^0.1.17",
      "@material-ui/core": "^4.12.3",
      "@material-ui/icons": "^4.11.3",
      "@mui/icons-material": "^5.6.2",
      "@mui/material": "^5.4.4",
      "@testing-library/jest-dom": "^5.14.1",
      "@testing-library/react": "^11.2.7",
      "@testing-library/user-event": "^12.8.3",
      "@walletconnect/web3-provider": "^1.7.7",
      "axios": "^0.27.2",
      "bootstrap": "^5.1.3",
      "notistack": "^2.0.3",
      "react": "^17.0.2",
      "react-bootstrap": "^2.1.2",
      "react-dom": "^17.0.2",
      "react-redux": "^7.2.6",
      "react-router-dom": "^6.3.0",
      "react-scripts": "4.0.3",
      "react-tsparticles": "^2.0.6",
      "redux-thunk": "^2.4.1",
      "web-vitals": "^1.1.2",
      "web3": "^1.7.0",
      "web3modal": "^1.9.7"
    },
    "scripts": {
      "start": "react-scripts start",
      "build": "react-scripts build",
      "test": "react-scripts test",
      "eject": "react-scripts eject"
    },
    "eslintConfig": {
      "extends": [
        "react-app",
        "react-app/jest"
      ]
    },
    "browserslist": {
      "production": [
        ">0.2%",
        "not dead",
        "not op_mini all"
      ],
      "development": [
        "last 1 chrome version",
        "last 1 firefox version",
        "last 1 safari version"
      ]
    }
  }

yarn manifest: 
  No manifest

Lockfile: 
  No lockfile
